# JRE version: OpenJDK Runtime Environment Temurin-17.0.6+10 (17.0.6+10) (build 17.0.6+10)
# Java VM: OpenJDK 64-Bit Server VM Temurin-17.0.6+10 (17.0.6+10, mixed mode, tiered, compressed oops, compressed class ptrs, g1 gc, windows-amd64)
GC Precious Log:
 CPUs: 4 total, 4 available
 Memory: 3877M
 Large Page Support: Disabled
 NUMA Support: Disabled
 Compressed Oops: Enabled (32-bit)
 Heap Region Size: 1M
 Heap Min Capacity: 8M
 Heap Initial Capacity: 62M
 Heap Max Capacity: 970M
 Pre-touch: Disabled
 Parallel Workers: 4
 Concurrent Workers: 1
 Concurrent Refinement Workers: 4
 Periodic GC: Disabled
Heap:
 garbage-first heap   total 56320K, used 32351K [0x00000000c3600000, 0x0000000100000000)
  region size 1024K, 9 young (9216K), 1 survivors (1024K)
 Metaspace       used 68423K, committed 68928K, reserved 1114112K
  class space    used 8506K, committed 8768K, reserved 1048576K
GC Heap History (20 events):
Event: 231.992 GC heap before
{Heap before GC invocations=23 (full 0):
 garbage-first heap   total 56320K, used 47670K [0x00000000c3600000, 0x0000000100000000)
  region size 1024K, 23 young (23552K), 1 survivors (1024K)
 Metaspace       used 68335K, committed 68800K, reserved 1114112K
  class space    used 8504K, committed 8768K, reserved 1048576K
}
Event: 231.999 GC heap after
{Heap after GC invocations=24 (full 0):
 garbage-first heap   total 56320K, used 25150K [0x00000000c3600000, 0x0000000100000000)
  region size 1024K, 1 young (1024K), 1 survivors (1024K)
 Metaspace       used 68335K, committed 68800K, reserved 1114112K
  class space    used 8504K, committed 8768K, reserved 1048576K
}
Event: 235.584 GC heap before
{Heap before GC invocations=24 (full 0):
 garbage-first heap   total 56320K, used 47678K [0x00000000c3600000, 0x0000000100000000)
  region size 1024K, 23 young (23552K), 1 survivors (1024K)
 Metaspace       used 68382K, committed 68864K, reserved 1114112K
  class space    used 8504K, committed 8768K, reserved 1048576K
}
Event: 235.588 GC heap after
{Heap after GC invocations=25 (full 0):
 garbage-first heap   total 56320K, used 25154K [0x00000000c3600000, 0x0000000100000000)
  region size 1024K, 1 young (1024K), 1 survivors (1024K)
 Metaspace       used 68382K, committed 68864K, reserved 1114112K
  class space    used 8504K, committed 8768K, reserved 1048576K
}
Event: 237.695 GC heap before
{Heap before GC invocations=25 (full 0):
 garbage-first heap   total 56320K, used 48706K [0x00000000c3600000, 0x0000000100000000)
  region size 1024K, 24 young (24576K), 1 survivors (1024K)
 Metaspace       used 68395K, committed 68928K, reserved 1114112K
  class space    used 8505K, committed 8768K, reserved 1048576K
}
Event: 237.699 GC heap after
{Heap after GC invocations=26 (full 0):
 garbage-first heap   total 56320K, used 25141K [0x00000000c3600000, 0x0000000100000000)
  region size 1024K, 1 young (1024K), 1 survivors (1024K)
 Metaspace       used 68395K, committed 68928K, reserved 1114112K
  class space    used 8505K, committed 8768K, reserved 1048576K
}
Event: 240.185 GC heap before
{Heap before GC invocations=26 (full 0):
 garbage-first heap   total 56320K, used 48693K [0x00000000c3600000, 0x0000000100000000)
  region size 1024K, 24 young (24576K), 1 survivors (1024K)
 Metaspace       used 68417K, committed 68928K, reserved 1114112K
  class space    used 8506K, committed 8768K, reserved 1048576K
}
Event: 240.189 GC heap after
{Heap after GC invocations=27 (full 0):
 garbage-first heap   total 56320K, used 25168K [0x00000000c3600000, 0x0000000100000000)
  region size 1024K, 1 young (1024K), 1 survivors (1024K)
 Metaspace       used 68417K, committed 68928K, reserved 1114112K
  class space    used 8506K, committed 8768K, reserved 1048576K
}
Event: 242.361 GC heap before
{Heap before GC invocations=27 (full 0):
 garbage-first heap   total 56320K, used 48720K [0x00000000c3600000, 0x0000000100000000)
  region size 1024K, 24 young (24576K), 1 survivors (1024K)
 Metaspace       used 68419K, committed 68928K, reserved 1114112K
  class space    used 8506K, committed 8768K, reserved 1048576K
}
Event: 242.365 GC heap after
{Heap after GC invocations=28 (full 0):
 garbage-first heap   total 56320K, used 25193K [0x00000000c3600000, 0x0000000100000000)
  region size 1024K, 1 young (1024K), 1 survivors (1024K)
 Metaspace       used 68419K, committed 68928K, reserved 1114112K
  class space    used 8506K, committed 8768K, reserved 1048576K
}
Event: 244.749 GC heap before
{Heap before GC invocations=28 (full 0):
 garbage-first heap   total 56320K, used 48745K [0x00000000c3600000, 0x0000000100000000)
  region size 1024K, 24 young (24576K), 1 survivors (1024K)
 Metaspace       used 68420K, committed 68928K, reserved 1114112K
  class space    used 8506K, committed 8768K, reserved 1048576K
}
Event: 244.754 GC heap after
{Heap after GC invocations=29 (full 0):
 garbage-first heap   total 56320K, used 25182K [0x00000000c3600000, 0x0000000100000000)
  region size 1024K, 1 young (1024K), 1 survivors (1024K)
 Metaspace       used 68420K, committed 68928K, reserved 1114112K
  class space    used 8506K, committed 8768K, reserved 1048576K
}
Event: 246.908 GC heap before
{Heap before GC invocations=29 (full 0):
 garbage-first heap   total 56320K, used 48734K [0x00000000c3600000, 0x0000000100000000)
  region size 1024K, 24 young (24576K), 1 survivors (1024K)
 Metaspace       used 68421K, committed 68928K, reserved 1114112K
  class space    used 8506K, committed 8768K, reserved 1048576K
}
Event: 246.912 GC heap after
{Heap after GC invocations=30 (full 0):
 garbage-first heap   total 56320K, used 25193K [0x00000000c3600000, 0x0000000100000000)
  region size 1024K, 1 young (1024K), 1 survivors (1024K)
 Metaspace       used 68421K, committed 68928K, reserved 1114112K
  class space    used 8506K, committed 8768K, reserved 1048576K
}
Event: 248.885 GC heap before
{Heap before GC invocations=30 (full 0):
 garbage-first heap   total 56320K, used 47721K [0x00000000c3600000, 0x0000000100000000)
  region size 1024K, 24 young (24576K), 1 survivors (1024K)
 Metaspace       used 68421K, committed 68928K, reserved 1114112K
  class space    used 8506K, committed 8768K, reserved 1048576K
}
Event: 248.889 GC heap after
{Heap after GC invocations=31 (full 0):
 garbage-first heap   total 56320K, used 25211K [0x00000000c3600000, 0x0000000100000000)
  region size 1024K, 1 young (1024K), 1 survivors (1024K)
 Metaspace       used 68421K, committed 68928K, reserved 1114112K
  class space    used 8506K, committed 8768K, reserved 1048576K
}
Event: 251.007 GC heap before
{Heap before GC invocations=31 (full 0):
 garbage-first heap   total 56320K, used 48763K [0x00000000c3600000, 0x0000000100000000)
  region size 1024K, 24 young (24576K), 1 survivors (1024K)
 Metaspace       used 68422K, committed 68928K, reserved 1114112K
  class space    used 8506K, committed 8768K, reserved 1048576K
}
Event: 251.011 GC heap after
{Heap after GC invocations=32 (full 0):
 garbage-first heap   total 56320K, used 25196K [0x00000000c3600000, 0x0000000100000000)
  region size 1024K, 1 young (1024K), 1 survivors (1024K)
 Metaspace       used 68422K, committed 68928K, reserved 1114112K
  class space    used 8506K, committed 8768K, reserved 1048576K
}
Event: 252.726 GC heap before
{Heap before GC invocations=32 (full 0):
 garbage-first heap   total 56320K, used 48748K [0x00000000c3600000, 0x0000000100000000)
  region size 1024K, 24 young (24576K), 1 survivors (1024K)
 Metaspace       used 68423K, committed 68928K, reserved 1114112K
  class space    used 8506K, committed 8768K, reserved 1048576K
}
Event: 252.786 GC heap after
{Heap after GC invocations=33 (full 0):
 garbage-first heap   total 56320K, used 25183K [0x00000000c3600000, 0x0000000100000000)
  region size 1024K, 1 young (1024K), 1 survivors (1024K)
 Metaspace       used 68423K, committed 68928K, reserved 1114112K
  class space    used 8506K, committed 8768K, reserved 1048576K
}

